2025-02-22 09:26:45,514 - INFO - Loaded 971 rules, skipped 130 incompatible rules
2025-02-22 09:26:45,515 - INFO - Started new monitoring session. Loaded 971 Sigma rules
2025-02-22 09:26:45,515 - INFO - Starting process monitoring...
2025-02-22 09:26:46,379 - WARNING - PID 2072 - Sigma Rule Match: Potential Data Stealing Via Chromium Headless Debugging
2025-02-22 09:26:46,385 - WARNING - PID 2072 - Sigma Rule Match: Write Protect For Storage Disabled
2025-02-22 09:26:46,491 - WARNING - PID 2216 - Sigma Rule Match: Potential Data Stealing Via Chromium Headless Debugging
2025-02-22 09:26:46,499 - WARNING - PID 2216 - Sigma Rule Match: Invoke-Obfuscation CLIP+ Launcher
2025-02-22 09:26:46,500 - WARNING - PID 2216 - Sigma Rule Match: Invoke-Obfuscation Via Use MSHTA
2025-02-22 09:26:46,500 - WARNING - PID 2216 - Sigma Rule Match: MsiExec Web Install
2025-02-22 09:26:46,500 - WARNING - PID 2216 - Sigma Rule Match: IE ZoneMap Setting Downgraded To MyComputer Zone For HTTP Protocols Via CLI
2025-02-22 09:26:46,500 - WARNING - PID 2216 - Sigma Rule Match: Potential Persistence Attempt Via Run Keys Using Reg.EXE
2025-02-22 09:26:46,500 - WARNING - PID 2216 - Sigma Rule Match: Write Protect For Storage Disabled
2025-02-22 09:26:46,500 - WARNING - PID 2216 - Sigma Rule Match: Potential File Download Via MS-AppInstaller Protocol Handler
2025-02-22 09:26:46,500 - WARNING - PID 2216 - Sigma Rule Match: Visual Studio Code Tunnel Service Installation
2025-02-22 09:26:46,562 - WARNING - PID 2364 - Sigma Rule Match: Write Protect For Storage Disabled
2025-02-22 09:26:46,738 - WARNING - PID 2500 - Sigma Rule Match: InfDefaultInstall.exe .inf Execution
2025-02-22 09:26:46,738 - WARNING - PID 2500 - Sigma Rule Match: Write Protect For Storage Disabled
2025-02-22 09:26:46,762 - WARNING - PID 2576 - Sigma Rule Match: Write Protect For Storage Disabled
2025-02-22 09:26:46,973 - WARNING - PID 2824 - Sigma Rule Match: Write Protect For Storage Disabled
2025-02-22 09:26:47,217 - WARNING - PID 3472 - Sigma Rule Match: Potential Data Stealing Via Chromium Headless Debugging
2025-02-22 09:26:47,228 - WARNING - PID 3472 - Sigma Rule Match: Invoke-Obfuscation Via Use MSHTA
2025-02-22 09:26:47,228 - WARNING - PID 3472 - Sigma Rule Match: Write Protect For Storage Disabled
2025-02-22 09:26:47,228 - WARNING - PID 3472 - Sigma Rule Match: Visual Studio Code Tunnel Service Installation
2025-02-22 09:26:48,019 - WARNING - PID 4432 - Sigma Rule Match: Potential Data Stealing Via Chromium Headless Debugging
2025-02-22 09:26:48,034 - WARNING - PID 4432 - Sigma Rule Match: Invoke-Obfuscation Via Use MSHTA
2025-02-22 09:26:48,034 - WARNING - PID 4432 - Sigma Rule Match: Write Protect For Storage Disabled
2025-02-22 09:26:48,034 - WARNING - PID 4432 - Sigma Rule Match: Visual Studio Code Tunnel Service Installation
2025-02-22 09:26:48,259 - WARNING - PID 4740 - Sigma Rule Match: Potential Data Stealing Via Chromium Headless Debugging
2025-02-22 09:26:48,279 - WARNING - PID 4740 - Sigma Rule Match: Invoke-Obfuscation Via Use MSHTA
2025-02-22 09:26:48,279 - WARNING - PID 4740 - Sigma Rule Match: Potential Persistence Attempt Via Run Keys Using Reg.EXE
2025-02-22 09:26:48,279 - WARNING - PID 4740 - Sigma Rule Match: Write Protect For Storage Disabled
2025-02-22 09:26:48,279 - WARNING - PID 4740 - Sigma Rule Match: Visual Studio Code Tunnel Service Installation
2025-02-22 09:26:49,880 - WARNING - PID 6164 - Sigma Rule Match: HackTool - F-Secure C3 Load by Rundll32
2025-02-22 09:26:49,880 - WARNING - PID 6164 - Sigma Rule Match: Write Protect For Storage Disabled
2025-02-22 09:26:49,880 - WARNING - PID 6164 - Sigma Rule Match: Visual Studio Code Tunnel Service Installation
2025-02-22 09:26:50,031 - WARNING - PID 6512 - Sigma Rule Match: Potential Data Stealing Via Chromium Headless Debugging
2025-02-22 09:26:50,054 - WARNING - PID 6512 - Sigma Rule Match: Invoke-Obfuscation Via Use MSHTA
2025-02-22 09:26:50,054 - WARNING - PID 6512 - Sigma Rule Match: Write Protect For Storage Disabled
2025-02-22 09:26:50,055 - WARNING - PID 6512 - Sigma Rule Match: Visual Studio Code Tunnel Service Installation
2025-02-22 09:26:50,333 - WARNING - PID 7336 - Sigma Rule Match: Write Protect For Storage Disabled
2025-02-22 09:26:50,441 - WARNING - PID 8216 - Sigma Rule Match: Write Protect For Storage Disabled
2025-02-22 09:26:50,541 - WARNING - PID 8424 - Suspicious process name: cmd.exe
2025-02-22 09:26:50,715 - WARNING - PID 8624 - Sigma Rule Match: Potential Data Stealing Via Chromium Headless Debugging
2025-02-22 09:26:50,742 - WARNING - PID 8624 - Sigma Rule Match: Invoke-Obfuscation Via Use MSHTA
2025-02-22 09:26:50,742 - WARNING - PID 8624 - Sigma Rule Match: Write Protect For Storage Disabled
2025-02-22 09:26:50,742 - WARNING - PID 8624 - Sigma Rule Match: Visual Studio Code Tunnel Service Installation
2025-02-22 09:26:50,923 - WARNING - PID 9736 - Sigma Rule Match: Potential Data Stealing Via Chromium Headless Debugging
2025-02-22 09:26:50,947 - WARNING - PID 9736 - Sigma Rule Match: Write Protect For Storage Disabled
2025-02-22 09:26:50,997 - WARNING - PID 9864 - Sigma Rule Match: Write Protect For Storage Disabled
2025-02-22 09:26:51,116 - WARNING - PID 10216 - Sigma Rule Match: Write Protect For Storage Disabled
2025-02-22 09:26:51,183 - WARNING - PID 10700 - Sigma Rule Match: Potential Data Stealing Via Chromium Headless Debugging
2025-02-22 09:26:51,214 - WARNING - PID 10700 - Sigma Rule Match: Invoke-Obfuscation Via Use MSHTA
2025-02-22 09:26:51,215 - WARNING - PID 10700 - Sigma Rule Match: Write Protect For Storage Disabled
2025-02-22 09:26:51,215 - WARNING - PID 10700 - Sigma Rule Match: Visual Studio Code Tunnel Service Installation
2025-02-22 09:26:51,267 - WARNING - PID 11196 - Sigma Rule Match: InfDefaultInstall.exe .inf Execution
2025-02-22 09:26:51,268 - WARNING - PID 11196 - Sigma Rule Match: Write Protect For Storage Disabled
2025-02-22 09:26:51,486 - WARNING - PID 12296 - Sigma Rule Match: Visual Studio Code Tunnel Service Installation
2025-02-22 09:26:51,560 - WARNING - PID 12432 - Sigma Rule Match: Write Protect For Storage Disabled
2025-02-22 09:26:51,626 - WARNING - PID 12652 - Sigma Rule Match: Visual Studio Code Tunnel Service Installation
2025-02-22 09:26:51,740 - WARNING - PID 13064 - Sigma Rule Match: InfDefaultInstall.exe .inf Execution
2025-02-22 09:26:52,043 - WARNING - PID 14460 - Sigma Rule Match: Write Protect For Storage Disabled
2025-02-22 09:26:52,092 - WARNING - PID 14576 - Sigma Rule Match: Write Protect For Storage Disabled
2025-02-22 09:26:52,211 - WARNING - PID 14944 - Sigma Rule Match: REGISTER_APP.VBS Proxy Execution
2025-02-22 09:26:52,212 - WARNING - PID 14944 - Sigma Rule Match: Potential Persistence Attempt Via Run Keys Using Reg.EXE
2025-02-22 09:26:52,212 - WARNING - PID 14944 - Sigma Rule Match: Write Protect For Storage Disabled
2025-02-22 09:26:52,212 - WARNING - PID 14944 - Sigma Rule Match: Visual Studio Code Tunnel Service Installation
2025-02-22 09:26:52,442 - WARNING - PID 15548 - Sigma Rule Match: Write Protect For Storage Disabled
2025-02-22 09:26:52,514 - WARNING - PID 15768 - Sigma Rule Match: Write Protect For Storage Disabled
2025-02-22 09:26:52,605 - WARNING - PID 16008 - Suspicious process name: cmd.exe
2025-02-22 09:26:52,662 - WARNING - PID 16016 - Sigma Rule Match: Potential Data Stealing Via Chromium Headless Debugging
2025-02-22 09:26:52,695 - WARNING - PID 16016 - Sigma Rule Match: Write Protect For Storage Disabled
2025-02-22 09:26:52,750 - WARNING - PID 16024 - Sigma Rule Match: Potential Data Stealing Via Chromium Headless Debugging
2025-02-22 09:26:52,781 - WARNING - PID 16024 - Sigma Rule Match: Write Protect For Storage Disabled
2025-02-22 09:26:52,826 - WARNING - PID 16256 - Sigma Rule Match: SyncAppvPublishingServer VBS Execute Arbitrary PowerShell Code
2025-02-22 09:26:52,826 - WARNING - PID 16256 - Sigma Rule Match: Write Protect For Storage Disabled
2025-02-22 09:26:53,067 - WARNING - PID 16848 - Sigma Rule Match: Write Protect For Storage Disabled
2025-02-22 09:26:53,130 - WARNING - PID 16924 - Sigma Rule Match: Write Protect For Storage Disabled
2025-02-22 09:26:53,181 - WARNING - PID 16980 - Sigma Rule Match: Write Protect For Storage Disabled
2025-02-22 09:26:53,235 - WARNING - PID 17052 - Sigma Rule Match: Write Protect For Storage Disabled
2025-02-22 09:26:53,306 - WARNING - PID 17084 - Sigma Rule Match: Potential Data Stealing Via Chromium Headless Debugging
2025-02-22 09:26:53,340 - WARNING - PID 17084 - Sigma Rule Match: Invoke-Obfuscation Via Use MSHTA
2025-02-22 09:26:53,340 - WARNING - PID 17084 - Sigma Rule Match: Write Protect For Storage Disabled
2025-02-22 09:26:53,340 - WARNING - PID 17084 - Sigma Rule Match: Visual Studio Code Tunnel Service Installation
2025-02-22 09:26:53,431 - WARNING - PID 17200 - Sigma Rule Match: Visual Studio Code Tunnel Service Installation
2025-02-22 09:26:53,482 - WARNING - PID 17324 - Sigma Rule Match: Write Protect For Storage Disabled
2025-02-22 09:26:53,638 - WARNING - PID 17884 - Sigma Rule Match: Write Protect For Storage Disabled
2025-02-22 09:26:53,691 - WARNING - PID 17952 - Sigma Rule Match: Write Protect For Storage Disabled
2025-02-22 09:26:53,751 - WARNING - PID 18532 - Sigma Rule Match: Write Protect For Storage Disabled
2025-02-22 09:26:53,876 - WARNING - PID 18608 - Sigma Rule Match: Potential Data Stealing Via Chromium Headless Debugging
2025-02-22 09:26:53,915 - WARNING - PID 18608 - Sigma Rule Match: Invoke-Obfuscation Via Use MSHTA
2025-02-22 09:26:53,916 - WARNING - PID 18608 - Sigma Rule Match: Potential Persistence Attempt Via Run Keys Using Reg.EXE
2025-02-22 09:26:53,916 - WARNING - PID 18608 - Sigma Rule Match: Write Protect For Storage Disabled
2025-02-22 09:26:53,916 - WARNING - PID 18608 - Sigma Rule Match: Visual Studio Code Tunnel Service Installation
2025-02-22 09:26:53,985 - WARNING - PID 18740 - Suspicious parent process: cmd.exe -> python3.13.exe
2025-02-22 09:26:54,084 - WARNING - PID 19112 - Sigma Rule Match: Potential Data Stealing Via Chromium Headless Debugging
2025-02-22 09:26:54,127 - WARNING - PID 19112 - Sigma Rule Match: Invoke-Obfuscation Via Use MSHTA
2025-02-22 09:26:54,127 - WARNING - PID 19112 - Sigma Rule Match: Potential Persistence Attempt Via Run Keys Using Reg.EXE
2025-02-22 09:26:54,127 - WARNING - PID 19112 - Sigma Rule Match: Write Protect For Storage Disabled
2025-02-22 09:26:54,127 - WARNING - PID 19112 - Sigma Rule Match: Visual Studio Code Tunnel Service Installation
2025-02-22 09:26:54,186 - WARNING - PID 19140 - Sigma Rule Match: Write Protect For Storage Disabled
2025-02-22 09:26:54,259 - WARNING - PID 19316 - Sigma Rule Match: Potential Data Stealing Via Chromium Headless Debugging
2025-02-22 09:26:54,299 - WARNING - PID 19316 - Sigma Rule Match: Write Protect For Storage Disabled
2025-02-22 09:26:54,380 - WARNING - PID 19340 - Sigma Rule Match: Potential Data Stealing Via Chromium Headless Debugging
2025-02-22 09:26:54,427 - WARNING - PID 19340 - Sigma Rule Match: Invoke-Obfuscation Via Use MSHTA
2025-02-22 09:26:54,427 - WARNING - PID 19340 - Sigma Rule Match: Potential Persistence Attempt Via Run Keys Using Reg.EXE
2025-02-22 09:26:54,427 - WARNING - PID 19340 - Sigma Rule Match: Write Protect For Storage Disabled
2025-02-22 09:26:54,427 - WARNING - PID 19340 - Sigma Rule Match: Visual Studio Code Tunnel Service Installation
2025-02-22 09:26:54,563 - WARNING - PID 19900 - Sigma Rule Match: Invoke-Obfuscation Via Use MSHTA
2025-02-22 09:26:54,563 - WARNING - PID 19900 - Sigma Rule Match: Write Protect For Storage Disabled
2025-02-22 09:26:54,563 - WARNING - PID 19900 - Sigma Rule Match: Visual Studio Code Tunnel Service Installation
2025-02-22 09:26:54,725 - WARNING - PID 20352 - Sigma Rule Match: Invoke-Obfuscation Via Use MSHTA
2025-02-22 09:26:54,820 - WARNING - PID 20684 - Sigma Rule Match: Write Protect For Storage Disabled
2025-02-22 09:26:54,890 - WARNING - PID 20844 - Sigma Rule Match: Write Protect For Storage Disabled
2025-02-22 09:26:54,982 - WARNING - PID 21260 - Sigma Rule Match: Write Protect For Storage Disabled
2025-02-22 09:26:55,424 - WARNING - PID 22640 - Sigma Rule Match: Write Protect For Storage Disabled
2025-02-22 09:26:55,510 - WARNING - PID 23212 - Sigma Rule Match: Write Protect For Storage Disabled
2025-02-22 09:26:55,587 - WARNING - PID 23648 - Sigma Rule Match: Write Protect For Storage Disabled
2025-02-22 09:26:55,588 - WARNING - PID 23648 - Sigma Rule Match: Visual Studio Code Tunnel Service Installation
2025-02-22 09:26:55,690 - WARNING - PID 23792 - Sigma Rule Match: Potential Data Stealing Via Chromium Headless Debugging
2025-02-22 09:26:55,740 - WARNING - PID 23792 - Sigma Rule Match: Invoke-Obfuscation Via Use MSHTA
2025-02-22 09:26:55,740 - WARNING - PID 23792 - Sigma Rule Match: Write Protect For Storage Disabled
2025-02-22 09:26:55,740 - WARNING - PID 23792 - Sigma Rule Match: Visual Studio Code Tunnel Service Installation
2025-02-22 09:26:55,857 - WARNING - PID 23980 - Sigma Rule Match: Write Protect For Storage Disabled
2025-02-22 09:26:55,967 - WARNING - PID 24060 - Sigma Rule Match: Potential Data Stealing Via Chromium Headless Debugging
2025-02-22 09:26:56,017 - WARNING - PID 24060 - Sigma Rule Match: Write Protect For Storage Disabled
2025-02-22 09:26:56,092 - WARNING - PID 24372 - Sigma Rule Match: Potential Data Stealing Via Chromium Headless Debugging
2025-02-22 09:26:56,146 - WARNING - PID 24372 - Sigma Rule Match: Write Protect For Storage Disabled
2025-02-22 09:26:56,226 - WARNING - PID 24824 - Sigma Rule Match: Write Protect For Storage Disabled
2025-02-22 09:26:56,304 - WARNING - PID 24840 - Sigma Rule Match: Write Protect For Storage Disabled
2025-02-22 09:26:56,369 - WARNING - PID 25144 - Sigma Rule Match: Write Protect For Storage Disabled
2025-02-22 09:26:56,441 - WARNING - PID 25364 - Sigma Rule Match: Write Protect For Storage Disabled
2025-02-22 09:26:56,642 - WARNING - PID 26920 - Sigma Rule Match: Write Protect For Storage Disabled
2025-02-22 09:26:56,719 - WARNING - PID 27052 - Sigma Rule Match: PowerShell DownloadFile
2025-02-22 09:26:56,719 - WARNING - PID 27052 - Sigma Rule Match: Write Protect For Storage Disabled
2025-02-22 09:26:56,719 - WARNING - PID 27052 - Suspicious process name: powershell.exe
2025-02-22 09:26:56,795 - WARNING - PID 27784 - Sigma Rule Match: Write Protect For Storage Disabled
2025-02-22 09:26:56,877 - WARNING - PID 27832 - Sigma Rule Match: Write Protect For Storage Disabled
2025-02-22 09:26:56,878 - WARNING - PID 27832 - Sigma Rule Match: Visual Studio Code Tunnel Service Installation
2025-02-22 09:26:56,991 - WARNING - PID 28464 - Suspicious process name: cmd.exe
2025-02-22 09:26:57,072 - WARNING - PID 28476 - Sigma Rule Match: Write Protect For Storage Disabled
2025-02-22 09:26:57,155 - WARNING - PID 28864 - Sigma Rule Match: Write Protect For Storage Disabled
2025-02-22 09:26:57,251 - WARNING - PID 29384 - Sigma Rule Match: Write Protect For Storage Disabled
2025-02-22 09:26:57,355 - WARNING - PID 29520 - Sigma Rule Match: Potential Data Stealing Via Chromium Headless Debugging
2025-02-22 09:26:57,406 - WARNING - PID 29520 - Sigma Rule Match: Invoke-Obfuscation Via Use MSHTA
2025-02-22 09:26:57,407 - WARNING - PID 29520 - Sigma Rule Match: Potential Persistence Attempt Via Run Keys Using Reg.EXE
2025-02-22 09:26:57,407 - WARNING - PID 29520 - Sigma Rule Match: Write Protect For Storage Disabled
2025-02-22 09:26:57,407 - WARNING - PID 29520 - Sigma Rule Match: Visual Studio Code Tunnel Service Installation
2025-02-22 09:26:57,480 - WARNING - PID 30064 - Sigma Rule Match: Write Protect For Storage Disabled
2025-02-22 09:26:57,620 - WARNING - PID 31816 - Sigma Rule Match: Potential Data Stealing Via Chromium Headless Debugging
2025-02-22 09:26:57,679 - WARNING - PID 31816 - Sigma Rule Match: Invoke-Obfuscation Via Use MSHTA
2025-02-22 09:26:57,680 - WARNING - PID 31816 - Sigma Rule Match: Write Protect For Storage Disabled
2025-02-22 09:26:57,680 - WARNING - PID 31816 - Sigma Rule Match: Visual Studio Code Tunnel Service Installation
2025-02-22 09:26:57,822 - WARNING - PID 32028 - Sigma Rule Match: Potential Data Stealing Via Chromium Headless Debugging
2025-02-22 09:26:57,875 - WARNING - PID 32028 - Sigma Rule Match: Write Protect For Storage Disabled
2025-02-22 09:26:57,987 - WARNING - PID 32044 - Sigma Rule Match: Potential Data Stealing Via Chromium Headless Debugging
2025-02-22 09:26:58,031 - WARNING - PID 32044 - Sigma Rule Match: Invoke-Obfuscation Via Use MSHTA
2025-02-22 09:26:58,031 - WARNING - PID 32044 - Sigma Rule Match: Write Protect For Storage Disabled
2025-02-22 09:26:58,031 - WARNING - PID 32044 - Sigma Rule Match: Visual Studio Code Tunnel Service Installation
2025-02-22 09:26:58,168 - WARNING - PID 32364 - Sigma Rule Match: Write Protect For Storage Disabled
2025-02-22 09:26:58,271 - WARNING - PID 32372 - Sigma Rule Match: Write Protect For Storage Disabled
2025-02-22 09:26:58,401 - WARNING - PID 32912 - Sigma Rule Match: Potential Data Stealing Via Chromium Headless Debugging
2025-02-22 09:26:58,456 - WARNING - PID 32912 - Sigma Rule Match: Write Protect For Storage Disabled
2025-02-22 09:26:58,543 - WARNING - PID 33384 - Sigma Rule Match: Potential Data Stealing Via Chromium Headless Debugging
2025-02-22 09:26:58,604 - WARNING - PID 33384 - Sigma Rule Match: Write Protect For Storage Disabled
2025-02-22 09:26:58,763 - WARNING - PID 35276 - Sigma Rule Match: Write Protect For Storage Disabled
2025-02-22 09:27:08,257 - INFO - Stopping process monitor...
2025-02-22 09:27:08,265 - INFO - Monitoring session ended. Duration: 24.54 seconds. Total alerts: 83
